<?xml version="1.0" encoding="UTF-8"?>
<!-- Generated by org.testng.reporters.JUnitReportReporter -->
<testsuite hostname="CyberSec" failures="0" tests="5" name="testNG_day02.GroupingTests" time="0.098" errors="0" timestamp="2023-09-12T20:36:09 EDT" skipped="0">
  <testcase classname="testNG_day02.GroupingTests" name="shaffyTest" time="0.004"/>
  <testcase classname="testNG_day02.GroupingTests" name="EverTest" time="0.053"/>
  <testcase classname="testNG_day02.GroupingTests" name="anotherBoringMethod" time="0.008"/>
  <testcase classname="testNG_day02.GroupingTests" name="alexTest" time="0.008"/>
  <testcase classname="testNG_day02.GroupingTests" name="GianTest" time="0.025"/>
</testsuite> <!-- testNG_day02.GroupingTests -->
