<?xml version="1.0" encoding="UTF-8"?>
<!-- Generated by org.testng.reporters.JUnitReportReporter -->
<testsuite hostname="CyberSec" failures="0" tests="6" name="testNG_day01.GroupingTests" time="0.099" errors="0" timestamp="2023-09-07T19:34:09 EDT" skipped="0">
  <testcase classname="testNG_day01.GroupingTests" name="shaffyTest" time="0.015"/>
  <system-out/>
  <testcase classname="testNG_day01.GroupingTests" name="everTest" time="0.008"/>
  <system-out/>
  <testcase classname="testNG_day01.GroupingTests" name="everTest" time="0.012"/>
  <system-out/>
  <testcase classname="testNG_day01.GroupingTests" name="gianiaTest" time="0.030"/>
  <system-out/>
  <testcase classname="testNG_day01.GroupingTests" name="alexTest" time="0.004"/>
  <system-out/>
  <testcase classname="testNG_day01.GroupingTests" name="alexTest" time="0.030"/>
  <system-out/>
</testsuite> <!-- testNG_day01.GroupingTests -->
