<?xml version="1.0" encoding="UTF-8"?>
<!-- Generated by org.testng.reporters.JUnitReportReporter -->
<testsuite hostname="CyberSec" failures="0" tests="1" name="testNG_day02.Subtraction" time="0.003" errors="0" timestamp="2023-09-11T20:10:35 EDT" skipped="0">
  <testcase classname="testNG_day02.Subtraction" name="subtract" time="0.003"/>
</testsuite> <!-- testNG_day02.Subtraction -->
