<?xml version="1.0" encoding="UTF-8"?>
<!-- Generated by org.testng.reporters.JUnitReportReporter -->
<testsuite hostname="CyberSec" failures="0" tests="2" name="testNG_day01.IgnoringTests" time="0.005" errors="0" timestamp="2023-09-11T21:58:46 EDT" skipped="0">
  <testcase classname="testNG_day01.IgnoringTests" name="test3" time="0.003"/>
  <testcase classname="testNG_day01.IgnoringTests" name="test1" time="0.002"/>
</testsuite> <!-- testNG_day01.IgnoringTests -->
