<?xml version="1.0" encoding="UTF-8"?>
<!-- Generated by org.testng.reporters.JUnitReportReporter -->
<testsuite hostname="CyberSec" failures="0" tests="1" name="testNG_day02.AssertsionsTesting" time="0.018" errors="0" timestamp="2023-09-12T21:17:37 EDT" skipped="0">
  <testcase classname="testNG_day02.AssertsionsTesting" name="test1" time="0.018">
    <system-out>
      <![CDATA[Verifying the title of the page]]>
    </system-out>
  </testcase> <!-- test1 -->
  <system-out>
    <![CDATA[Verifying the title of the page]]>
  </system-out>
</testsuite> <!-- testNG_day02.AssertsionsTesting -->
