<?xml version="1.0" encoding="UTF-8"?>
<!-- Generated by org.testng.reporters.JUnitReportReporter -->
<testsuite hostname="CyberSec" failures="0" tests="1" name="testNG_day02.params" time="0.016" errors="0" timestamp="2023-09-11T20:10:35 EDT" skipped="0">
  <testcase classname="testNG_day02.params" name="Sum" time="0.016"/>
</testsuite> <!-- testNG_day02.params -->
