<?xml version="1.0" encoding="UTF-8"?>
<!-- Generated by org.testng.reporters.JUnitReportReporter -->
<testsuite hostname="CyberSec" failures="0" tests="1" name="testNG_day01.RunningTestSample" time="0.017" errors="0" timestamp="2023-09-11T21:58:46 EDT" skipped="0">
  <testcase classname="testNG_day01.RunningTestSample" name="test2" time="0.017"/>
</testsuite> <!-- testNG_day01.RunningTestSample -->
