<?xml version="1.0" encoding="UTF-8"?>
<!-- Generated by org.testng.reporters.JUnitReportReporter -->
<testsuite hostname="CyberSec" failures="0" tests="7" name="testNG_day02.dependencyTestUsingAnnotation" time="0.189" errors="0" timestamp="2023-09-12T20:36:09 EDT" skipped="0">
  <testcase classname="testNG_day02.dependencyTestUsingAnnotation" name="alexTest" time="0.008"/>
  <testcase classname="testNG_day02.dependencyTestUsingAnnotation" name="shaffyTest" time="0.017"/>
  <testcase classname="testNG_day02.dependencyTestUsingAnnotation" name="anotherBoringMethod" time="0.022"/>
  <testcase classname="testNG_day02.dependencyTestUsingAnnotation" name="GianTest" time="0.010"/>
  <testcase classname="testNG_day02.dependencyTestUsingAnnotation" name="environmentTest" time="0.039"/>
  <testcase classname="testNG_day02.dependencyTestUsingAnnotation" name="EverTest" time="0.066"/>
  <testcase classname="testNG_day02.dependencyTestUsingAnnotation" name="testPrintMessage" time="0.027"/>
</testsuite> <!-- testNG_day02.dependencyTestUsingAnnotation -->
